<?xml version="1.0" encoding="UTF-8"?>
<!-- Generated by org.testng.reporters.JUnitXMLReporter -->
<testsuite ignored="7" hostname="DESKTOP-6PM4V7G" failures="1" tests="3" name="SmokeRunning" time="22.727" errors="0" timestamp="2024-01-08T19:49:24 IST">
  <testcase classname="com.sevenmartsupermarket.tests.LoginTest" name="verifyLogin" time="1.192"/>
  <testcase classname="com.sevenmartsupermarket.tests.ManageContentTest" name="verifyAddNewNews" time="2.549"/>
  <testcase classname="com.sevenmartsupermarket.tests.ManageContentTest" name="verifyListOutDropDown" time="1.619">
    <failure type="java.lang.AssertionError" message="expected [[Manage Pages, Manage Footer Text, Manage Contact, Manage News]] but found [[Manage Pages, Manage Footer Text, Manage Contact, Manage News]]">
      <![CDATA[java.lang.AssertionError: expected [[Manage Pages, Manage Footer Text, Manage Contact, Manage News]] but found [[Manage Pages, Manage Footer Text, Manage Contact, Manage News]]
at com.sevenmartsupermarket.tests.ManageContentTest.verifyListOutDropDown(ManageContentTest.java:25)
at java.base/java.util.ArrayList.forEach(ArrayList.java:1511)
at java.base/java.util.concurrent.FutureTask.run(FutureTask.java:264)
at java.base/java.util.concurrent.ThreadPoolExecutor.runWorker(ThreadPoolExecutor.java:1136)
at java.base/java.util.concurrent.ThreadPoolExecutor$Worker.run(ThreadPoolExecutor.java:635)
at java.base/java.lang.Thread.run(Thread.java:833)
... Removed 22 stack frames]]>
    </failure>
  </testcase> <!-- verifyListOutDropDown -->
  <testcase classname="com.sevenmartsupermarket.tests.PushNotificationTest" name="verifypushNotificationAlertMessage" time="0.0">
    <ignored/>
  </testcase> <!-- verifypushNotificationAlertMessage -->
  <testcase classname="com.sevenmartsupermarket.tests.PushNotificationTest" name="verifyExcelData" time="0.0">
    <ignored/>
  </testcase> <!-- verifyExcelData -->
  <testcase classname="com.sevenmartsupermarket.tests.LoginTest" name="runScreenShot" time="0.0">
    <ignored/>
  </testcase> <!-- runScreenShot -->
  <testcase classname="com.sevenmartsupermarket.tests.ManageLocationTest" name="verifyCreate_NewLocation" time="0.0">
    <ignored/>
  </testcase> <!-- verifyCreate_NewLocation -->
  <testcase classname="com.sevenmartsupermarket.tests.LoginTest" name="verifyMultipleLogin" time="0.0">
    <ignored/>
  </testcase> <!-- verifyMultipleLogin -->
  <testcase classname="com.sevenmartsupermarket.tests.LoginTest" name="verify_invalidLogin_ErrorMsg" time="0.0">
    <ignored/>
  </testcase> <!-- verify_invalidLogin_ErrorMsg -->
  <testcase classname="com.sevenmartsupermarket.tests.ManageLocationTest" name="verifyClick_On_ManageLocation" time="0.0">
    <ignored/>
  </testcase> <!-- verifyClick_On_ManageLocation -->
</testsuite> <!-- SmokeRunning -->
