<?xml version="1.0" encoding="UTF-8"?>
<testng-results ignored="1" total="2" passed="0" failed="1" skipped="0">
  <reporter-output>
  </reporter-output>
  <suite started-at="2024-01-03T20:48:08 IST" name="Default suite" finished-at="2024-01-03T20:48:19 IST" duration-ms="11760">
    <groups>
      <group name="smoke">
        <method signature="ManageContentTest.verifyListOutDropDown()[pri:0, instance:com.sevenmartsupermarket.tests.ManageContentTest@1ff4931d]" name="verifyListOutDropDown" class="com.sevenmartsupermarket.tests.ManageContentTest"/>
      </group> <!-- smoke -->
    </groups>
    <test started-at="2024-01-03T20:48:08 IST" name="Default test" finished-at="2024-01-03T20:48:19 IST" duration-ms="11760">
      <class name="com.sevenmartsupermarket.tests.ManageContentTest">
        <test-method is-config="true" signature="launch_Browser()[pri:0, instance:com.sevenmartsupermarket.tests.ManageContentTest@1ff4931d]" started-at="2024-01-03T20:48:08 IST" name="launch_Browser" finished-at="2024-01-03T20:48:16 IST" duration-ms="8089" status="PASS">
          <reporter-output>
          </reporter-output>
        </test-method> <!-- launch_Browser -->
        <test-method signature="verifyListOutDropDown()[pri:0, instance:com.sevenmartsupermarket.tests.ManageContentTest@1ff4931d]" started-at="2024-01-03T20:48:16 IST" name="verifyListOutDropDown" finished-at="2024-01-03T20:48:18 IST" duration-ms="1805" status="FAIL">
          <exception class="java.lang.AssertionError">
            <message>
              <![CDATA[expected [[Manage Pages, Manage Footer Text, Manage Contact, Manage News]] but found [[Manage Pages, Manage Footer Text, Manage Contact, Manage News]]]]>
            </message>
            <full-stacktrace>
              <![CDATA[java.lang.AssertionError: expected [[Manage Pages, Manage Footer Text, Manage Contact, Manage News]] but found [[Manage Pages, Manage Footer Text, Manage Contact, Manage News]]
at org.testng.Assert.fail(Assert.java:110)
at org.testng.Assert.failNotEquals(Assert.java:1577)
at org.testng.Assert.assertEqualsImpl(Assert.java:149)
at org.testng.Assert.assertEquals(Assert.java:131)
at org.testng.Assert.assertEquals(Assert.java:643)
at com.sevenmartsupermarket.tests.ManageContentTest.verifyListOutDropDown(ManageContentTest.java:25)
at java.base/jdk.internal.reflect.NativeMethodAccessorImpl.invoke0(Native Method)
at java.base/jdk.internal.reflect.NativeMethodAccessorImpl.invoke(NativeMethodAccessorImpl.java:77)
at java.base/jdk.internal.reflect.DelegatingMethodAccessorImpl.invoke(DelegatingMethodAccessorImpl.java:43)
at java.base/java.lang.reflect.Method.invoke(Method.java:568)
at org.testng.internal.invokers.MethodInvocationHelper.invokeMethod(MethodInvocationHelper.java:139)
at org.testng.internal.invokers.TestInvoker.invokeMethod(TestInvoker.java:677)
at org.testng.internal.invokers.TestInvoker.invokeTestMethod(TestInvoker.java:221)
at org.testng.internal.invokers.MethodRunner.runInSequence(MethodRunner.java:50)
at org.testng.internal.invokers.TestInvoker$MethodInvocationAgent.invoke(TestInvoker.java:969)
at org.testng.internal.invokers.TestInvoker.invokeTestMethods(TestInvoker.java:194)
at org.testng.internal.invokers.TestMethodWorker.invokeTestMethods(TestMethodWorker.java:148)
at org.testng.internal.invokers.TestMethodWorker.run(TestMethodWorker.java:128)
at java.base/java.util.ArrayList.forEach(ArrayList.java:1511)
at org.testng.TestRunner.privateRun(TestRunner.java:829)
at org.testng.TestRunner.run(TestRunner.java:602)
at org.testng.SuiteRunner.runTest(SuiteRunner.java:437)
at org.testng.SuiteRunner.runSequentially(SuiteRunner.java:431)
at org.testng.SuiteRunner.privateRun(SuiteRunner.java:391)
at org.testng.SuiteRunner.run(SuiteRunner.java:330)
at org.testng.SuiteRunnerWorker.runSuite(SuiteRunnerWorker.java:52)
at org.testng.SuiteRunnerWorker.run(SuiteRunnerWorker.java:95)
at org.testng.TestNG.runSuitesSequentially(TestNG.java:1256)
at org.testng.TestNG.runSuitesLocally(TestNG.java:1176)
at org.testng.TestNG.runSuites(TestNG.java:1099)
at org.testng.TestNG.run(TestNG.java:1067)
at org.testng.remote.AbstractRemoteTestNG.run(AbstractRemoteTestNG.java:115)
at org.testng.remote.RemoteTestNG.initAndRun(RemoteTestNG.java:251)
at org.testng.remote.RemoteTestNG.main(RemoteTestNG.java:77)
]]>
            </full-stacktrace>
          </exception> <!-- java.lang.AssertionError -->
          <reporter-output>
          </reporter-output>
        </test-method> <!-- verifyListOutDropDown -->
        <test-method is-config="true" signature="terminatesession(org.testng.ITestResult)[pri:0, instance:com.sevenmartsupermarket.tests.ManageContentTest@1ff4931d]" started-at="2024-01-03T20:48:18 IST" name="terminatesession" finished-at="2024-01-03T20:48:19 IST" duration-ms="1803" status="PASS">
          <params>
            <param index="0">
              <value>
                <![CDATA[[TestResult name=verifyListOutDropDown status=FAILURE method=ManageContentTest.verifyListOutDropDown()[pri:0, instance:com.sevenmartsupermarket.tests.ManageContentTest@1ff4931d] output={null}]]]>
              </value>
            </param>
          </params>
          <reporter-output>
          </reporter-output>
        </test-method> <!-- terminatesession -->
      </class> <!-- com.sevenmartsupermarket.tests.ManageContentTest -->
    </test> <!-- Default test -->
  </suite> <!-- Default suite -->
</testng-results>
